<?xml version="1.0" encoding="UTF-8"?>
<!-- Generated by org.testng.reporters.JUnitReportReporter -->
<testsuite hostname="DESKTOP-CID1P55" failures="0" tests="1" name="testngpkg.Prameterization" time="0.704" errors="0" timestamp="2023-06-03T16:34:49 IST" skipped="0">
  <testcase classname="testngpkg.Prameterization" name="test1" time="0.704"/>
  <system-out/>
</testsuite> <!-- testngpkg.Prameterization -->
