<?xml version="1.0" encoding="UTF-8"?>
<!-- Generated by org.testng.reporters.JUnitReportReporter -->
<testsuite hostname="DESKTOP-CID1P55" failures="0" tests="1" name="testngpkg.Rediffassertion" time="0.242" errors="0" timestamp="2024-02-05T15:53:30 IST" skipped="0">
  <testcase classname="testngpkg.Rediffassertion" name="test" time="0.242"/>
  <system-out/>
</testsuite> <!-- testngpkg.Rediffassertion -->
