<?xml version="1.0" encoding="UTF-8"?>
<!-- Generated by org.testng.reporters.JUnitReportReporter -->
<testsuite hostname="DESKTOP-CID1P55" failures="0" tests="1" name="testngpkg.Fileuploadprgm" time="12.292" errors="0" timestamp="2023-11-08T20:36:29 IST" skipped="0">
  <testcase classname="testngpkg.Fileuploadprgm" name="fileUploadpgm" time="12.292"/>
  <system-out/>
</testsuite> <!-- testngpkg.Fileuploadprgm -->
