<?xml version="1.0" encoding="UTF-8"?>
<!-- Generated by org.testng.reporters.JUnitReportReporter -->
<testsuite hostname="DESKTOP-CID1P55" failures="0" tests="1" name="test.Businfo" time="1.467" errors="0" timestamp="2023-11-18T20:35:00 IST" skipped="0">
  <testcase classname="test.Businfo" name="bustest" time="1.467"/>
  <system-out/>
</testsuite> <!-- test.Businfo -->
