<?xml version="1.0" encoding="UTF-8"?>
<!-- Generated by org.testng.reporters.JUnitReportReporter -->
<testsuite hostname="DESKTOP-CID1P55" failures="0" tests="1" name="testngpkg.Fileuploading" time="0.358" errors="0" timestamp="2024-01-30T16:08:46 IST" skipped="0">
  <testcase classname="testngpkg.Fileuploading" name="test" time="0.358"/>
  <system-out/>
</testsuite> <!-- testngpkg.Fileuploading -->
