<?xml version="1.0" encoding="UTF-8"?>
<!-- Generated by org.testng.reporters.JUnitReportReporter -->
<testsuite hostname="DESKTOP-CID1P55" failures="0" tests="5" name="testngpkg.Testngdemo" time="5.789" errors="0" timestamp="2023-05-29T11:19:27 IST" skipped="1">
  <testcase classname="testngpkg.Testngdemo" name="test3" time="0.825"/>
  <system-out/>
  <testcase classname="testngpkg.Testngdemo" name="test1" time="0.632"/>
  <system-out/>
  <testcase classname="testngpkg.Testngdemo" name="test1" time="3.567"/>
  <system-out/>
  <testcase classname="testngpkg.Testngdemo" name="test1" time="0.765"/>
  <system-out/>
  <testcase classname="testngpkg.Testngdemo" name="test2">
    <skipped/>
  </testcase> <!-- test2 -->
  <system-out/>
</testsuite> <!-- testngpkg.Testngdemo -->
