<?xml version="1.0" encoding="UTF-8"?>
<!-- Generated by org.testng.reporters.JUnitReportReporter -->
<testsuite hostname="DESKTOP-CID1P55" failures="0" tests="1" name="test.Createpagetest" time="4.042" errors="0" timestamp="2024-01-30T16:11:27 IST" skipped="0">
  <testcase classname="test.Createpagetest" name="Createtest" time="4.042"/>
  <system-out/>
</testsuite> <!-- test.Createpagetest -->
