<?xml version="1.0" encoding="UTF-8"?>
<!-- Generated by org.testng.reporters.JUnitReportReporter -->
<testsuite hostname="DESKTOP-CID1P55" failures="0" tests="1" name="test.Fblogintest" time="19.015" errors="0" timestamp="2024-01-19T13:07:13 IST" skipped="0">
  <testcase classname="test.Fblogintest" name="fbtest" time="19.015"/>
  <system-out/>
</testsuite> <!-- test.Fblogintest -->
