<?xml version="1.0" encoding="UTF-8"?>
<!-- Generated by org.testng.reporters.JUnitReportReporter -->
<testsuite hostname="DESKTOP-CID1P55" failures="0" tests="1" name="testngpkg.Datadriventest" time="8.618" errors="0" timestamp="2024-01-30T16:09:46 IST" skipped="0">
  <testcase classname="testngpkg.Datadriventest" name="test" time="8.618"/>
  <system-out/>
</testsuite> <!-- testngpkg.Datadriventest -->
