<?xml version="1.0" encoding="UTF-8"?>
<!-- Generated by org.testng.reporters.JUnitReportReporter -->
<testsuite hostname="DESKTOP-CID1P55" failures="0" tests="1" name="testngpkg.Copypaste" time="8.282" errors="0" timestamp="2024-02-05T15:50:34 IST" skipped="0">
  <testcase classname="testngpkg.Copypaste" name="test1" time="8.282"/>
  <system-out/>
</testsuite> <!-- testngpkg.Copypaste -->
